<?xml version="1.0" encoding="UTF-8"?>
<!-- Generated by org.testng.reporters.JUnitReportReporter -->
<testsuite hostname="DESKTOP-795M0GK" failures="1" tests="6" name="PageTests.GoogleFinanceHomePageTest" time="0.557" errors="0" timestamp="2025-04-25T12:55:01 PDT" skipped="0">
  <testcase classname="PageTests.GoogleFinanceHomePageTest" name="verifyMissingSymbolsInListsTest" time="0.093">
    <system-out>
      <![CDATA[Testing with input list from XML: [NFLX, MSFT, TSLA, AAPL, GOOG]
Actual displayed ticker list: [TSLA, META, AMZN, MSFT, BA, BABA]
 List of Stock Symbols which are in Actual list but not in Expected List]]>
    </system-out>
  </testcase> <!-- verifyMissingSymbolsInListsTest -->
  <testcase classname="PageTests.GoogleFinanceHomePageTest" name="verifyRetrieveTickerTest" time="0.083">
    <system-out>
      <![CDATA[ Actual Displayed ticker list: 
TSLA
META
AMZN
MSFT
BA
BABA]]>
    </system-out>
  </testcase> <!-- verifyRetrieveTickerTest -->
  <testcase classname="PageTests.GoogleFinanceHomePageTest" name="verifyWatchListHeaderTitleTest" time="0.118">
    <system-out>
      <![CDATA[Actual Title: You may be interested in
info]]>
    </system-out>
  </testcase> <!-- verifyWatchListHeaderTitleTest -->
  <testcase classname="PageTests.GoogleFinanceHomePageTest" name="verifyPageHeaderTest" time="0.072"/>
  <testcase classname="PageTests.GoogleFinanceHomePageTest" name="compareListAndDisplaySymbolsTest" time="0.114">
    <system-out>
      <![CDATA[Testing with input list from XML: [NFLX, MSFT, TSLA, AAPL, GOOG]
Actual displayed ticker list: [TSLA, META, AMZN, MSFT, BA, BABA]]]>
    </system-out>
  </testcase> <!-- compareListAndDisplaySymbolsTest -->
  <testcase classname="PageTests.GoogleFinanceHomePageTest" name="compareListPassFailsTest" time="0.077">
    <failure message="Actual and Expected Stock symbols are not same!!: lists don&#039;t have the same size expected [6] but found [5]" type="java.lang.AssertionError">
      <![CDATA[java.lang.AssertionError: Actual and Expected Stock symbols are not same!!: lists don't have the same size expected [6] but found [5]
at org.testng.Assert.fail(Assert.java:111)
at org.testng.Assert.failNotEquals(Assert.java:1578)
at org.testng.Assert.assertEqualsImpl(Assert.java:150)
at org.testng.Assert.assertEquals(Assert.java:132)
at org.testng.Assert.assertEquals(Assert.java:1419)
at org.testng.Assert.assertEquals(Assert.java:1383)
at org.testng.Assert.assertEquals(Assert.java:1630)
at PageTests.GoogleFinanceHomePageTest.compareListPassFailsTest(GoogleFinanceHomePageTest.java:122)
at java.base/jdk.internal.reflect.DirectMethodHandleAccessor.invoke(DirectMethodHandleAccessor.java:103)
at java.base/java.lang.reflect.Method.invoke(Method.java:580)
at org.testng.internal.invokers.MethodInvocationHelper.invokeMethod(MethodInvocationHelper.java:141)
at org.testng.internal.invokers.TestInvoker.invokeMethod(TestInvoker.java:686)
at org.testng.internal.invokers.TestInvoker.invokeTestMethod(TestInvoker.java:230)
at org.testng.internal.invokers.MethodRunner.runInSequence(MethodRunner.java:63)
at org.testng.internal.invokers.TestInvoker$MethodInvocationAgent.invoke(TestInvoker.java:992)
at org.testng.internal.invokers.TestInvoker.invokeTestMethods(TestInvoker.java:203)
at org.testng.internal.invokers.TestMethodWorker.invokeTestMethods(TestMethodWorker.java:154)
at org.testng.internal.invokers.TestMethodWorker.run(TestMethodWorker.java:134)
at java.base/java.util.ArrayList.forEach(ArrayList.java:1596)
at org.testng.TestRunner.privateRun(TestRunner.java:739)
at org.testng.TestRunner.run(TestRunner.java:614)
at org.testng.SuiteRunner.runTest(SuiteRunner.java:421)
at org.testng.SuiteRunner.runSequentially(SuiteRunner.java:413)
at org.testng.SuiteRunner.privateRun(SuiteRunner.java:373)
at org.testng.SuiteRunner.run(SuiteRunner.java:312)
at org.testng.SuiteRunnerWorker.runSuite(SuiteRunnerWorker.java:52)
at org.testng.SuiteRunnerWorker.run(SuiteRunnerWorker.java:95)
at org.testng.TestNG.runSuitesSequentially(TestNG.java:1274)
at org.testng.TestNG.runSuitesLocally(TestNG.java:1208)
at org.testng.TestNG.runSuites(TestNG.java:1112)
at org.testng.TestNG.run(TestNG.java:1079)
at com.intellij.rt.testng.IDEARemoteTestNG.run(IDEARemoteTestNG.java:65)
at com.intellij.rt.testng.RemoteTestNGStarter.main(RemoteTestNGStarter.java:105)
]]>
    </failure>
  </testcase> <!-- compareListPassFailsTest -->
  <system-out>
    <![CDATA[Testing with input list from XML: [NFLX, MSFT, TSLA, AAPL, GOOG]
Actual displayed ticker list: [TSLA, META, AMZN, MSFT, BA, BABA]
Testing with input list from XML: [NFLX, MSFT, TSLA, AAPL, GOOG]
Actual displayed ticker list: [TSLA, META, AMZN, MSFT, BA, BABA]
 List of Stock Symbols which are in Actual list but not in Expected List
 Actual Displayed ticker list: 
TSLA
META
AMZN
MSFT
BA
BABA
Actual Title: You may be interested in
info]]>
  </system-out>
</testsuite> <!-- PageTests.GoogleFinanceHomePageTest -->
