<?xml version="1.0" encoding="UTF-8"?>
<!-- Generated by org.testng.reporters.JUnitReportReporter -->
<testsuite hostname="DESKTOP-795M0GK" failures="0" tests="1" name="PageTests.GoogleFinanceHomePageTest" time="0.226" errors="0" timestamp="2025-04-25T10:06:41 PDT" skipped="0">
  <testcase classname="PageTests.GoogleFinanceHomePageTest" name="verifyPageHeaderTest" time="0.226"/>
</testsuite> <!-- PageTests.GoogleFinanceHomePageTest -->
